<?xml version="1.0" encoding="UTF-8"?>
<!-- Generated by org.testng.reporters.JUnitReportReporter -->
<testsuite skipped="0" hostname="CAVDI2GP300066" name="testNGClasses.ExecuteOps" tests="1" failures="0" timestamp="02 Mar 2021 08:28:29 GMT" time="70.928" errors="0">
  <testcase name="execute" time="70.928" classname="testNGClasses.ExecuteOps"/>
</testsuite> <!-- testNGClasses.ExecuteOps -->
